<?xml version="1.0" encoding="UTF-8"?>
<!-- Generated by org.testng.reporters.JUnitReportReporter -->
<testsuite hostname="SHAH_HPLaptop" failures="0" tests="2" name="Academy.HomePage" time="41.093" errors="0" timestamp="2022-04-21T13:22:19 EDT" skipped="0">
  <testcase classname="Academy.HomePage" name="basePageNavigation" time="27.196"/>
  <system-out/>
  <testcase classname="Academy.HomePage" name="basePageNavigation" time="13.897"/>
  <system-out/>
</testsuite> <!-- Academy.HomePage -->
