<?xml version="1.0" encoding="UTF-8"?>
<!-- Generated by org.testng.reporters.JUnitReportReporter -->
<testsuite hostname="SHAH_HPLaptop" failures="0" tests="1" name="testscripts.TC1" time="2.201" errors="0" timestamp="2022-04-22T19:24:46 EDT" skipped="0">
  <testcase classname="testscripts.TC1" name="fLoginTC" time="2.201"/>
  <system-out/>
</testsuite> <!-- testscripts.TC1 -->
