<?xml version="1.0" encoding="UTF-8"?>
<!-- Generated by org.testng.reporters.JUnitReportReporter -->
<testsuite hostname="SHAH_HPLaptop" failures="0" tests="2" name="TestRunner.Runner" time="8.159" errors="0" timestamp="2022-04-22T22:28:36 EDT" skipped="0">
  <testcase classname="TestRunner.Runner" name="runScenario" time="3.461"/>
  <system-out/>
  <testcase classname="TestRunner.Runner" name="runScenario" time="4.698"/>
  <system-out/>
</testsuite> <!-- TestRunner.Runner -->
