<?xml version="1.0" encoding="UTF-8"?>
<!-- Generated by org.testng.reporters.JUnitReportReporter -->
<testsuite hostname="SHAH_HPLaptop" failures="0" tests="1" name="TestRunner.RunnerTestNG" time="4.479" errors="0" timestamp="2022-05-05T21:28:49 EDT" skipped="0">
  <testcase classname="TestRunner.RunnerTestNG" name="runScenario" time="4.479"/>
  <system-out/>
</testsuite> <!-- TestRunner.RunnerTestNG -->
